生成启动时间为 2016-3-17 10:54:53。
     1>项目“c:\documents and settings\administrator\my documents\visual studio 2010\Projects\wwww\wwww\wwww.vcxproj”在节点 2 上(build 个目标)。
     1>InitializeBuildStatus:
         正在创建“Debug\wwww.unsuccessfulbuild”，因为已指定“AlwaysCreate”。
       ClCompile:
         所有输出均为最新。
         C:\Program Files\Microsoft Visual Studio 10.0\VC\bin\CL.exe /c /ZI /nologo /W3 /WX- /Od /Oy- /D WIN32 /D _DEBUG /D _CONSOLE /D _UNICODE /D UNICODE /Gm /EHsc /RTC1 /MDd /GS /fp:precise /Zc:wchar_t /Zc:forScope /Yu"StdAfx.h" /Fp"Debug\wwww.pch" /Fo"Debug\\" /Fd"Debug\vc100.pdb" /Gd /TP /analyze- /errorReport:prompt wwww.cpp
         wwww.cpp
     1>c:\documents and settings\administrator\my documents\visual studio 2010\projects\wwww\wwww\wwww.cpp(14): warning C4996: 'gets': This function or variable may be unsafe. Consider using gets_s instead. To disable deprecation, use _CRT_SECURE_NO_WARNINGS. See online help for details.
                 c:\program files\microsoft visual studio 10.0\vc\include\stdio.h(277) : 参见“gets”的声明
     1>c:\documents and settings\administrator\my documents\visual studio 2010\projects\wwww\wwww\wwww.cpp(42): warning C4996: 'fopen': This function or variable may be unsafe. Consider using fopen_s instead. To disable deprecation, use _CRT_SECURE_NO_WARNINGS. See online help for details.
                 c:\program files\microsoft visual studio 10.0\vc\include\stdio.h(234) : 参见“fopen”的声明
       ManifestResourceCompile:
         所有输出均为最新。
       Link:
         C:\Program Files\Microsoft Visual Studio 10.0\VC\bin\link.exe /ERRORREPORT:PROMPT /OUT:"c:\documents and settings\administrator\my documents\visual studio 2010\Projects\wwww\Debug\wwww.exe" /INCREMENTAL /NOLOGO kernel32.lib user32.lib gdi32.lib winspool.lib comdlg32.lib advapi32.lib shell32.lib ole32.lib oleaut32.lib uuid.lib odbc32.lib odbccp32.lib /MANIFEST /ManifestFile:"Debug\wwww.exe.intermediate.manifest" /MANIFESTUAC:"level='asInvoker' uiAccess='false'" /DEBUG /PDB:"c:\documents and settings\administrator\my documents\visual studio 2010\Projects\wwww\Debug\wwww.pdb" /SUBSYSTEM:CONSOLE /TLBID:1 /DYNAMICBASE /NXCOMPAT /IMPLIB:"c:\documents and settings\administrator\my documents\visual studio 2010\Projects\wwww\Debug\wwww.lib" /MACHINE:X86 Debug\wwww.exe.embed.manifest.res
         Debug\stdafx.obj
         Debug\wwww.obj
       Manifest:
         C:\Program Files\Microsoft SDKs\Windows\v7.0A\bin\mt.exe /nologo /verbose /out:"Debug\wwww.exe.embed.manifest" /manifest Debug\wwww.exe.intermediate.manifest
         所有输出均为最新。
       LinkEmbedManifest:
         所有输出均为最新。
         wwww.vcxproj -> c:\documents and settings\administrator\my documents\visual studio 2010\Projects\wwww\Debug\wwww.exe
       FinalizeBuildStatus:
         正在删除文件“Debug\wwww.unsuccessfulbuild”。
         正在对“Debug\wwww.lastbuildstate”执行 Touch 任务。
     1>已完成生成项目“c:\documents and settings\administrator\my documents\visual studio 2010\Projects\wwww\wwww\wwww.vcxproj”(build 个目标)的操作。

生成成功。

已用时间 00:00:01.29
